# JRE version: OpenJDK Runtime Environment Temurin-21.0.9+10 (21.0.9+10) (build 21.0.9+10-LTS)
# Java VM: OpenJDK 64-Bit Server VM Temurin-21.0.9+10 (21.0.9+10-LTS, mixed mode, sharing, tiered, compressed oops, compressed class ptrs, parallel gc, windows-amd64)
GC Precious Log:
 CardTable entry size: 512
 CPUs: 12 total, 12 available
 Memory: 7501M
 Large Page Support: Disabled
 NUMA Support: Disabled
 Compressed Oops: Enabled (32-bit)
 Alignments: Space 512K, Generation 512K, Heap 2M
 Heap Min Capacity: 100M
 Heap Initial Capacity: 100M
 Heap Max Capacity: 2G
 Pre-touch: Disabled
 Parallel Workers: 10
Heap:
 PSYoungGen      total 18432K, used 18151K [0x00000000d5580000, 0x00000000d7200000, 0x0000000100000000)
  eden space 16896K, 98% used [0x00000000d5580000,0x00000000d65c0128,0x00000000d6600000)
  from space 1536K, 98% used [0x00000000d6a80000,0x00000000d6bf9bd0,0x00000000d6c00000)
  to   space 4608K, 0% used [0x00000000d6600000,0x00000000d6600000,0x00000000d6a80000)
 ParOldGen       total 68608K, used 31085K [0x0000000080000000, 0x0000000084300000, 0x00000000d5580000)
  object space 68608K, 45% used [0x0000000080000000,0x0000000081e5b588,0x0000000084300000)
 Metaspace       used 41847K, committed 42880K, reserved 1114112K
  class space    used 4149K, committed 4608K, reserved 1048576K
GC Heap History (20 events):
Event: 27.567 GC heap before
{Heap before GC invocations=15 (full 1):
 PSYoungGen      total 22528K, used 22084K [0x00000000d5580000, 0x00000000d7000000, 0x0000000100000000)
  eden space 19968K, 100% used [0x00000000d5580000,0x00000000d6900000,0x00000000d6900000)
  from space 2560K, 82% used [0x00000000d6900000,0x00000000d6b11000,0x00000000d6b80000)
  to   space 3584K, 0% used [0x00000000d6c80000,0x00000000d6c80000,0x00000000d7000000)
 ParOldGen       total 68608K, used 20917K [0x0000000080000000, 0x0000000084300000, 0x00000000d5580000)
  object space 68608K, 30% used [0x0000000080000000,0x000000008146d660,0x0000000084300000)
 Metaspace       used 32217K, committed 33152K, reserved 1114112K
  class space    used 3243K, committed 3648K, reserved 1048576K
}
Event: 27.571 GC heap after
{Heap after GC invocations=15 (full 1):
 PSYoungGen      total 22528K, used 2272K [0x00000000d5580000, 0x00000000d6f00000, 0x0000000100000000)
  eden space 19968K, 0% used [0x00000000d5580000,0x00000000d5580000,0x00000000d6900000)
  from space 2560K, 88% used [0x00000000d6c80000,0x00000000d6eb8010,0x00000000d6f00000)
  to   space 2560K, 0% used [0x00000000d6900000,0x00000000d6900000,0x00000000d6b80000)
 ParOldGen       total 68608K, used 22947K [0x0000000080000000, 0x0000000084300000, 0x00000000d5580000)
  object space 68608K, 33% used [0x0000000080000000,0x0000000081668c88,0x0000000084300000)
 Metaspace       used 32217K, committed 33152K, reserved 1114112K
  class space    used 3243K, committed 3648K, reserved 1048576K
}
Event: 27.655 GC heap before
{Heap before GC invocations=16 (full 1):
 PSYoungGen      total 22528K, used 22240K [0x00000000d5580000, 0x00000000d6f00000, 0x0000000100000000)
  eden space 19968K, 100% used [0x00000000d5580000,0x00000000d6900000,0x00000000d6900000)
  from space 2560K, 88% used [0x00000000d6c80000,0x00000000d6eb8010,0x00000000d6f00000)
  to   space 2560K, 0% used [0x00000000d6900000,0x00000000d6900000,0x00000000d6b80000)
 ParOldGen       total 68608K, used 22947K [0x0000000080000000, 0x0000000084300000, 0x00000000d5580000)
  object space 68608K, 33% used [0x0000000080000000,0x0000000081668c88,0x0000000084300000)
 Metaspace       used 32253K, committed 33152K, reserved 1114112K
  class space    used 3243K, committed 3648K, reserved 1048576K
}
Event: 27.660 GC heap after
{Heap after GC invocations=16 (full 1):
 PSYoungGen      total 22528K, used 2008K [0x00000000d5580000, 0x00000000d6e00000, 0x0000000100000000)
  eden space 19968K, 0% used [0x00000000d5580000,0x00000000d5580000,0x00000000d6900000)
  from space 2560K, 78% used [0x00000000d6900000,0x00000000d6af6200,0x00000000d6b80000)
  to   space 2560K, 0% used [0x00000000d6b80000,0x00000000d6b80000,0x00000000d6e00000)
 ParOldGen       total 68608K, used 25139K [0x0000000080000000, 0x0000000084300000, 0x00000000d5580000)
  object space 68608K, 36% used [0x0000000080000000,0x000000008188cc98,0x0000000084300000)
 Metaspace       used 32253K, committed 33152K, reserved 1114112K
  class space    used 3243K, committed 3648K, reserved 1048576K
}
Event: 28.150 GC heap before
{Heap before GC invocations=17 (full 1):
 PSYoungGen      total 22528K, used 21960K [0x00000000d5580000, 0x00000000d6e00000, 0x0000000100000000)
  eden space 19968K, 99% used [0x00000000d5580000,0x00000000d68fbf98,0x00000000d6900000)
  from space 2560K, 78% used [0x00000000d6900000,0x00000000d6af6200,0x00000000d6b80000)
  to   space 2560K, 0% used [0x00000000d6b80000,0x00000000d6b80000,0x00000000d6e00000)
 ParOldGen       total 68608K, used 25139K [0x0000000080000000, 0x0000000084300000, 0x00000000d5580000)
  object space 68608K, 36% used [0x0000000080000000,0x000000008188cc98,0x0000000084300000)
 Metaspace       used 34389K, committed 35328K, reserved 1114112K
  class space    used 3486K, committed 3904K, reserved 1048576K
}
Event: 28.154 GC heap after
{Heap after GC invocations=17 (full 1):
 PSYoungGen      total 21504K, used 1428K [0x00000000d5580000, 0x00000000d6d00000, 0x0000000100000000)
  eden space 19968K, 0% used [0x00000000d5580000,0x00000000d5580000,0x00000000d6900000)
  from space 1536K, 93% used [0x00000000d6b80000,0x00000000d6ce53e8,0x00000000d6d00000)
  to   space 2048K, 0% used [0x00000000d6900000,0x00000000d6900000,0x00000000d6b00000)
 ParOldGen       total 68608K, used 27091K [0x0000000080000000, 0x0000000084300000, 0x00000000d5580000)
  object space 68608K, 39% used [0x0000000080000000,0x0000000081a74e98,0x0000000084300000)
 Metaspace       used 34389K, committed 35328K, reserved 1114112K
  class space    used 3486K, committed 3904K, reserved 1048576K
}
Event: 28.646 GC heap before
{Heap before GC invocations=18 (full 1):
 PSYoungGen      total 21504K, used 14895K [0x00000000d5580000, 0x00000000d6d00000, 0x0000000100000000)
  eden space 19968K, 67% used [0x00000000d5580000,0x00000000d62a6be0,0x00000000d6900000)
  from space 1536K, 93% used [0x00000000d6b80000,0x00000000d6ce53e8,0x00000000d6d00000)
  to   space 2048K, 0% used [0x00000000d6900000,0x00000000d6900000,0x00000000d6b00000)
 ParOldGen       total 68608K, used 27091K [0x0000000080000000, 0x0000000084300000, 0x00000000d5580000)
  object space 68608K, 39% used [0x0000000080000000,0x0000000081a74e98,0x0000000084300000)
 Metaspace       used 34883K, committed 35840K, reserved 1114112K
  class space    used 3558K, committed 3968K, reserved 1048576K
}
Event: 28.648 GC heap after
{Heap after GC invocations=18 (full 1):
 PSYoungGen      total 22016K, used 379K [0x00000000d5580000, 0x00000000d6c00000, 0x0000000100000000)
  eden space 19968K, 0% used [0x00000000d5580000,0x00000000d5580000,0x00000000d6900000)
  from space 2048K, 18% used [0x00000000d6900000,0x00000000d695eee8,0x00000000d6b00000)
  to   space 1024K, 0% used [0x00000000d6b00000,0x00000000d6b00000,0x00000000d6c00000)
 ParOldGen       total 68608K, used 28376K [0x0000000080000000, 0x0000000084300000, 0x00000000d5580000)
  object space 68608K, 41% used [0x0000000080000000,0x0000000081bb61e0,0x0000000084300000)
 Metaspace       used 34883K, committed 35840K, reserved 1114112K
  class space    used 3558K, committed 3968K, reserved 1048576K
}
Event: 28.648 GC heap before
{Heap before GC invocations=19 (full 2):
 PSYoungGen      total 22016K, used 379K [0x00000000d5580000, 0x00000000d6c00000, 0x0000000100000000)
  eden space 19968K, 0% used [0x00000000d5580000,0x00000000d5580000,0x00000000d6900000)
  from space 2048K, 18% used [0x00000000d6900000,0x00000000d695eee8,0x00000000d6b00000)
  to   space 1024K, 0% used [0x00000000d6b00000,0x00000000d6b00000,0x00000000d6c00000)
 ParOldGen       total 68608K, used 28376K [0x0000000080000000, 0x0000000084300000, 0x00000000d5580000)
  object space 68608K, 41% used [0x0000000080000000,0x0000000081bb61e0,0x0000000084300000)
 Metaspace       used 34883K, committed 35840K, reserved 1114112K
  class space    used 3558K, committed 3968K, reserved 1048576K
}
Event: 28.699 GC heap after
{Heap after GC invocations=19 (full 2):
 PSYoungGen      total 22016K, used 0K [0x00000000d5580000, 0x00000000d6c00000, 0x0000000100000000)
  eden space 19968K, 0% used [0x00000000d5580000,0x00000000d5580000,0x00000000d6900000)
  from space 2048K, 0% used [0x00000000d6900000,0x00000000d6900000,0x00000000d6b00000)
  to   space 1024K, 0% used [0x00000000d6b00000,0x00000000d6b00000,0x00000000d6c00000)
 ParOldGen       total 68608K, used 27516K [0x0000000080000000, 0x0000000084300000, 0x00000000d5580000)
  object space 68608K, 40% used [0x0000000080000000,0x0000000081adf068,0x0000000084300000)
 Metaspace       used 34883K, committed 35840K, reserved 1114112K
  class space    used 3558K, committed 3968K, reserved 1048576K
}
Event: 29.331 GC heap before
{Heap before GC invocations=20 (full 2):
 PSYoungGen      total 22016K, used 19968K [0x00000000d5580000, 0x00000000d6c00000, 0x0000000100000000)
  eden space 19968K, 100% used [0x00000000d5580000,0x00000000d6900000,0x00000000d6900000)
  from space 2048K, 0% used [0x00000000d6900000,0x00000000d6900000,0x00000000d6b00000)
  to   space 1024K, 0% used [0x00000000d6b00000,0x00000000d6b00000,0x00000000d6c00000)
 ParOldGen       total 68608K, used 27516K [0x0000000080000000, 0x0000000084300000, 0x00000000d5580000)
  object space 68608K, 40% used [0x0000000080000000,0x0000000081adf068,0x0000000084300000)
 Metaspace       used 36304K, committed 37248K, reserved 1114112K
  class space    used 3680K, committed 4096K, reserved 1048576K
}
Event: 29.333 GC heap after
{Heap after GC invocations=20 (full 2):
 PSYoungGen      total 20992K, used 1010K [0x00000000d5580000, 0x00000000d6c00000, 0x0000000100000000)
  eden space 19968K, 0% used [0x00000000d5580000,0x00000000d5580000,0x00000000d6900000)
  from space 1024K, 98% used [0x00000000d6b00000,0x00000000d6bfc918,0x00000000d6c00000)
  to   space 1536K, 0% used [0x00000000d6900000,0x00000000d6900000,0x00000000d6a80000)
 ParOldGen       total 68608K, used 27855K [0x0000000080000000, 0x0000000084300000, 0x00000000d5580000)
  object space 68608K, 40% used [0x0000000080000000,0x0000000081b33c68,0x0000000084300000)
 Metaspace       used 36304K, committed 37248K, reserved 1114112K
  class space    used 3680K, committed 4096K, reserved 1048576K
}
Event: 29.421 GC heap before
{Heap before GC invocations=21 (full 2):
 PSYoungGen      total 20992K, used 20896K [0x00000000d5580000, 0x00000000d6c00000, 0x0000000100000000)
  eden space 19968K, 99% used [0x00000000d5580000,0x00000000d68eb930,0x00000000d6900000)
  from space 1024K, 98% used [0x00000000d6b00000,0x00000000d6bfc918,0x00000000d6c00000)
  to   space 1536K, 0% used [0x00000000d6900000,0x00000000d6900000,0x00000000d6a80000)
 ParOldGen       total 68608K, used 27855K [0x0000000080000000, 0x0000000084300000, 0x00000000d5580000)
  object space 68608K, 40% used [0x0000000080000000,0x0000000081b33c68,0x0000000084300000)
 Metaspace       used 36335K, committed 37312K, reserved 1114112K
  class space    used 3680K, committed 4096K, reserved 1048576K
}
Event: 29.423 GC heap after
{Heap after GC invocations=21 (full 2):
 PSYoungGen      total 21504K, used 1156K [0x00000000d5580000, 0x00000000d6c00000, 0x0000000100000000)
  eden space 19968K, 0% used [0x00000000d5580000,0x00000000d5580000,0x00000000d6900000)
  from space 1536K, 75% used [0x00000000d6900000,0x00000000d6a21108,0x00000000d6a80000)
  to   space 1536K, 0% used [0x00000000d6a80000,0x00000000d6a80000,0x00000000d6c00000)
 ParOldGen       total 68608K, used 28540K [0x0000000080000000, 0x0000000084300000, 0x00000000d5580000)
  object space 68608K, 41% used [0x0000000080000000,0x0000000081bdf358,0x0000000084300000)
 Metaspace       used 36335K, committed 37312K, reserved 1114112K
  class space    used 3680K, committed 4096K, reserved 1048576K
}
Event: 30.172 GC heap before
{Heap before GC invocations=22 (full 2):
 PSYoungGen      total 21504K, used 21124K [0x00000000d5580000, 0x00000000d6c00000, 0x0000000100000000)
  eden space 19968K, 100% used [0x00000000d5580000,0x00000000d6900000,0x00000000d6900000)
  from space 1536K, 75% used [0x00000000d6900000,0x00000000d6a21108,0x00000000d6a80000)
  to   space 1536K, 0% used [0x00000000d6a80000,0x00000000d6a80000,0x00000000d6c00000)
 ParOldGen       total 68608K, used 28540K [0x0000000080000000, 0x0000000084300000, 0x00000000d5580000)
  object space 68608K, 41% used [0x0000000080000000,0x0000000081bdf358,0x0000000084300000)
 Metaspace       used 37714K, committed 38656K, reserved 1114112K
  class space    used 3813K, committed 4224K, reserved 1048576K
}
Event: 30.173 GC heap after
{Heap after GC invocations=22 (full 2):
 PSYoungGen      total 20480K, used 416K [0x00000000d5580000, 0x00000000d6b00000, 0x0000000100000000)
  eden space 19968K, 0% used [0x00000000d5580000,0x00000000d5580000,0x00000000d6900000)
  from space 512K, 81% used [0x00000000d6a80000,0x00000000d6ae8000,0x00000000d6b00000)
  to   space 1024K, 0% used [0x00000000d6900000,0x00000000d6900000,0x00000000d6a00000)
 ParOldGen       total 68608K, used 28556K [0x0000000080000000, 0x0000000084300000, 0x00000000d5580000)
  object space 68608K, 41% used [0x0000000080000000,0x0000000081be3358,0x0000000084300000)
 Metaspace       used 37714K, committed 38656K, reserved 1114112K
  class space    used 3813K, committed 4224K, reserved 1048576K
}
Event: 32.585 GC heap before
{Heap before GC invocations=23 (full 2):
 PSYoungGen      total 20480K, used 20384K [0x00000000d5580000, 0x00000000d6b00000, 0x0000000100000000)
  eden space 19968K, 100% used [0x00000000d5580000,0x00000000d6900000,0x00000000d6900000)
  from space 512K, 81% used [0x00000000d6a80000,0x00000000d6ae8000,0x00000000d6b00000)
  to   space 1024K, 0% used [0x00000000d6900000,0x00000000d6900000,0x00000000d6a00000)
 ParOldGen       total 68608K, used 28556K [0x0000000080000000, 0x0000000084300000, 0x00000000d5580000)
  object space 68608K, 41% used [0x0000000080000000,0x0000000081be3358,0x0000000084300000)
 Metaspace       used 39412K, committed 40384K, reserved 1114112K
  class space    used 3964K, committed 4416K, reserved 1048576K
}
Event: 32.588 GC heap after
{Heap after GC invocations=23 (full 2):
 PSYoungGen      total 20992K, used 995K [0x00000000d5580000, 0x00000000d6c00000, 0x0000000100000000)
  eden space 19968K, 0% used [0x00000000d5580000,0x00000000d5580000,0x00000000d6900000)
  from space 1024K, 97% used [0x00000000d6900000,0x00000000d69f8c68,0x00000000d6a00000)
  to   space 1536K, 0% used [0x00000000d6a80000,0x00000000d6a80000,0x00000000d6c00000)
 ParOldGen       total 68608K, used 28793K [0x0000000080000000, 0x0000000084300000, 0x00000000d5580000)
  object space 68608K, 41% used [0x0000000080000000,0x0000000081c1e5e8,0x0000000084300000)
 Metaspace       used 39412K, committed 40384K, reserved 1114112K
  class space    used 3964K, committed 4416K, reserved 1048576K
}
Event: 34.469 GC heap before
{Heap before GC invocations=24 (full 2):
 PSYoungGen      total 20992K, used 20963K [0x00000000d5580000, 0x00000000d6c00000, 0x0000000100000000)
  eden space 19968K, 100% used [0x00000000d5580000,0x00000000d6900000,0x00000000d6900000)
  from space 1024K, 97% used [0x00000000d6900000,0x00000000d69f8c68,0x00000000d6a00000)
  to   space 1536K, 0% used [0x00000000d6a80000,0x00000000d6a80000,0x00000000d6c00000)
 ParOldGen       total 68608K, used 28793K [0x0000000080000000, 0x0000000084300000, 0x00000000d5580000)
  object space 68608K, 41% used [0x0000000080000000,0x0000000081c1e5e8,0x0000000084300000)
 Metaspace       used 41009K, committed 41984K, reserved 1114112K
  class space    used 4098K, committed 4544K, reserved 1048576K
}
Event: 34.474 GC heap after
{Heap after GC invocations=24 (full 2):
 PSYoungGen      total 18432K, used 1510K [0x00000000d5580000, 0x00000000d7200000, 0x0000000100000000)
  eden space 16896K, 0% used [0x00000000d5580000,0x00000000d5580000,0x00000000d6600000)
  from space 1536K, 98% used [0x00000000d6a80000,0x00000000d6bf9bd0,0x00000000d6c00000)
  to   space 4608K, 0% used [0x00000000d6600000,0x00000000d6600000,0x00000000d6a80000)
 ParOldGen       total 68608K, used 31085K [0x0000000080000000, 0x0000000084300000, 0x00000000d5580000)
  object space 68608K, 45% used [0x0000000080000000,0x0000000081e5b588,0x0000000084300000)
 Metaspace       used 41009K, committed 41984K, reserved 1114112K
  class space    used 4098K, committed 4544K, reserved 1048576K
}

