# JRE version: OpenJDK Runtime Environment Temurin-21.0.9+10 (21.0.9+10) (build 21.0.9+10-LTS)
# Java VM: OpenJDK 64-Bit Server VM Temurin-21.0.9+10 (21.0.9+10-LTS, mixed mode, sharing, tiered, compressed oops, compressed class ptrs, parallel gc, windows-amd64)
GC Precious Log:
 CardTable entry size: 512
 CPUs: 12 total, 12 available
 Memory: 7501M
 Large Page Support: Disabled
 NUMA Support: Disabled
 Compressed Oops: Enabled (32-bit)
 Alignments: Space 512K, Generation 512K, Heap 2M
 Heap Min Capacity: 100M
 Heap Initial Capacity: 100M
 Heap Max Capacity: 2G
 Pre-touch: Disabled
 Parallel Workers: 10
Heap:
 PSYoungGen      total 24576K, used 17551K [0x00000000d5580000, 0x00000000d7180000, 0x0000000100000000)
  eden space 22016K, 69% used [0x00000000d5580000,0x00000000d646bdc0,0x00000000d6b00000)
  from space 2560K, 88% used [0x00000000d6d80000,0x00000000d6fb8000,0x00000000d7000000)
  to   space 1536K, 0% used [0x00000000d7000000,0x00000000d7000000,0x00000000d7180000)
 ParOldGen       total 68608K, used 48595K [0x0000000080000000, 0x0000000084300000, 0x00000000d5580000)
  object space 68608K, 70% used [0x0000000080000000,0x0000000082f74fa0,0x0000000084300000)
 Metaspace       used 55479K, committed 56832K, reserved 1114112K
  class space    used 6505K, committed 7104K, reserved 1048576K
GC Heap History (20 events):
Event: 121.672 GC heap before
{Heap before GC invocations=23 (full 2):
 PSYoungGen      total 22528K, used 22447K [0x00000000d5580000, 0x00000000d6e00000, 0x0000000100000000)
  eden space 22016K, 100% used [0x00000000d5580000,0x00000000d6b00000,0x00000000d6b00000)
  from space 512K, 84% used [0x00000000d6d80000,0x00000000d6debf60,0x00000000d6e00000)
  to   space 1024K, 0% used [0x00000000d6c00000,0x00000000d6c00000,0x00000000d6d00000)
 ParOldGen       total 68608K, used 24767K [0x0000000080000000, 0x0000000084300000, 0x00000000d5580000)
  object space 68608K, 36% used [0x0000000080000000,0x000000008182fe68,0x0000000084300000)
 Metaspace       used 48470K, committed 49600K, reserved 1114112K
  class space    used 5409K, committed 5952K, reserved 1048576K
}
Event: 121.686 GC heap after
{Heap after GC invocations=23 (full 2):
 PSYoungGen      total 23040K, used 1022K [0x00000000d5580000, 0x00000000d8000000, 0x0000000100000000)
  eden space 22016K, 0% used [0x00000000d5580000,0x00000000d5580000,0x00000000d6b00000)
  from space 1024K, 99% used [0x00000000d6c00000,0x00000000d6cffb60,0x00000000d6d00000)
  to   space 10752K, 0% used [0x00000000d7580000,0x00000000d7580000,0x00000000d8000000)
 ParOldGen       total 68608K, used 32595K [0x0000000080000000, 0x0000000084300000, 0x00000000d5580000)
  object space 68608K, 47% used [0x0000000080000000,0x0000000081fd4d70,0x0000000084300000)
 Metaspace       used 48470K, committed 49600K, reserved 1114112K
  class space    used 5409K, committed 5952K, reserved 1048576K
}
Event: 124.332 GC heap before
{Heap before GC invocations=24 (full 2):
 PSYoungGen      total 23040K, used 23038K [0x00000000d5580000, 0x00000000d8000000, 0x0000000100000000)
  eden space 22016K, 100% used [0x00000000d5580000,0x00000000d6b00000,0x00000000d6b00000)
  from space 1024K, 99% used [0x00000000d6c00000,0x00000000d6cffb60,0x00000000d6d00000)
  to   space 10752K, 0% used [0x00000000d7580000,0x00000000d7580000,0x00000000d8000000)
 ParOldGen       total 68608K, used 32595K [0x0000000080000000, 0x0000000084300000, 0x00000000d5580000)
  object space 68608K, 47% used [0x0000000080000000,0x0000000081fd4d70,0x0000000084300000)
 Metaspace       used 50114K, committed 51264K, reserved 1114112K
  class space    used 5707K, committed 6208K, reserved 1048576K
}
Event: 124.334 GC heap after
{Heap after GC invocations=24 (full 2):
 PSYoungGen      total 23040K, used 928K [0x00000000d5580000, 0x00000000d7680000, 0x0000000100000000)
  eden space 22016K, 0% used [0x00000000d5580000,0x00000000d5580000,0x00000000d6b00000)
  from space 1024K, 90% used [0x00000000d7580000,0x00000000d7668000,0x00000000d7680000)
  to   space 4096K, 0% used [0x00000000d6e80000,0x00000000d6e80000,0x00000000d7280000)
 ParOldGen       total 68608K, used 33563K [0x0000000080000000, 0x0000000084300000, 0x00000000d5580000)
  object space 68608K, 48% used [0x0000000080000000,0x00000000820c6ec0,0x0000000084300000)
 Metaspace       used 50114K, committed 51264K, reserved 1114112K
  class space    used 5707K, committed 6208K, reserved 1048576K
}
Event: 125.271 GC heap before
{Heap before GC invocations=25 (full 2):
 PSYoungGen      total 23040K, used 22944K [0x00000000d5580000, 0x00000000d7680000, 0x0000000100000000)
  eden space 22016K, 100% used [0x00000000d5580000,0x00000000d6b00000,0x00000000d6b00000)
  from space 1024K, 90% used [0x00000000d7580000,0x00000000d7668000,0x00000000d7680000)
  to   space 4096K, 0% used [0x00000000d6e80000,0x00000000d6e80000,0x00000000d7280000)
 ParOldGen       total 68608K, used 33563K [0x0000000080000000, 0x0000000084300000, 0x00000000d5580000)
  object space 68608K, 48% used [0x0000000080000000,0x00000000820c6ec0,0x0000000084300000)
 Metaspace       used 50553K, committed 51712K, reserved 1114112K
  class space    used 5763K, committed 6272K, reserved 1048576K
}
Event: 125.273 GC heap after
{Heap after GC invocations=25 (full 2):
 PSYoungGen      total 26112K, used 704K [0x00000000d5580000, 0x00000000d7600000, 0x0000000100000000)
  eden space 22016K, 0% used [0x00000000d5580000,0x00000000d5580000,0x00000000d6b00000)
  from space 4096K, 17% used [0x00000000d6e80000,0x00000000d6f30000,0x00000000d7280000)
  to   space 1536K, 0% used [0x00000000d7480000,0x00000000d7480000,0x00000000d7600000)
 ParOldGen       total 68608K, used 34331K [0x0000000080000000, 0x0000000084300000, 0x00000000d5580000)
  object space 68608K, 50% used [0x0000000080000000,0x0000000082186ee0,0x0000000084300000)
 Metaspace       used 50553K, committed 51712K, reserved 1114112K
  class space    used 5763K, committed 6272K, reserved 1048576K
}
Event: 125.718 GC heap before
{Heap before GC invocations=26 (full 2):
 PSYoungGen      total 26112K, used 22720K [0x00000000d5580000, 0x00000000d7600000, 0x0000000100000000)
  eden space 22016K, 100% used [0x00000000d5580000,0x00000000d6b00000,0x00000000d6b00000)
  from space 4096K, 17% used [0x00000000d6e80000,0x00000000d6f30000,0x00000000d7280000)
  to   space 1536K, 0% used [0x00000000d7480000,0x00000000d7480000,0x00000000d7600000)
 ParOldGen       total 68608K, used 34331K [0x0000000080000000, 0x0000000084300000, 0x00000000d5580000)
  object space 68608K, 50% used [0x0000000080000000,0x0000000082186ee0,0x0000000084300000)
 Metaspace       used 50558K, committed 51712K, reserved 1114112K
  class space    used 5763K, committed 6272K, reserved 1048576K
}
Event: 125.719 GC heap after
{Heap after GC invocations=26 (full 2):
 PSYoungGen      total 23040K, used 672K [0x00000000d5580000, 0x00000000d7580000, 0x0000000100000000)
  eden space 22016K, 0% used [0x00000000d5580000,0x00000000d5580000,0x00000000d6b00000)
  from space 1024K, 65% used [0x00000000d7480000,0x00000000d7528000,0x00000000d7580000)
  to   space 1024K, 0% used [0x00000000d7380000,0x00000000d7380000,0x00000000d7480000)
 ParOldGen       total 68608K, used 34852K [0x0000000080000000, 0x0000000084300000, 0x00000000d5580000)
  object space 68608K, 50% used [0x0000000080000000,0x0000000082209280,0x0000000084300000)
 Metaspace       used 50558K, committed 51712K, reserved 1114112K
  class space    used 5763K, committed 6272K, reserved 1048576K
}
Event: 126.114 GC heap before
{Heap before GC invocations=27 (full 2):
 PSYoungGen      total 23040K, used 22688K [0x00000000d5580000, 0x00000000d7580000, 0x0000000100000000)
  eden space 22016K, 100% used [0x00000000d5580000,0x00000000d6b00000,0x00000000d6b00000)
  from space 1024K, 65% used [0x00000000d7480000,0x00000000d7528000,0x00000000d7580000)
  to   space 1024K, 0% used [0x00000000d7380000,0x00000000d7380000,0x00000000d7480000)
 ParOldGen       total 68608K, used 34852K [0x0000000080000000, 0x0000000084300000, 0x00000000d5580000)
  object space 68608K, 50% used [0x0000000080000000,0x0000000082209280,0x0000000084300000)
 Metaspace       used 50921K, committed 52096K, reserved 1114112K
  class space    used 5839K, committed 6400K, reserved 1048576K
}
Event: 126.117 GC heap after
{Heap after GC invocations=27 (full 2):
 PSYoungGen      total 23040K, used 1012K [0x00000000d5580000, 0x00000000d7600000, 0x0000000100000000)
  eden space 22016K, 0% used [0x00000000d5580000,0x00000000d5580000,0x00000000d6b00000)
  from space 1024K, 98% used [0x00000000d7380000,0x00000000d747d320,0x00000000d7480000)
  to   space 1536K, 0% used [0x00000000d7480000,0x00000000d7480000,0x00000000d7600000)
 ParOldGen       total 68608K, used 38438K [0x0000000080000000, 0x0000000084300000, 0x00000000d5580000)
  object space 68608K, 56% used [0x0000000080000000,0x0000000082589910,0x0000000084300000)
 Metaspace       used 50921K, committed 52096K, reserved 1114112K
  class space    used 5839K, committed 6400K, reserved 1048576K
}
Event: 127.530 GC heap before
{Heap before GC invocations=28 (full 2):
 PSYoungGen      total 23040K, used 23028K [0x00000000d5580000, 0x00000000d7600000, 0x0000000100000000)
  eden space 22016K, 100% used [0x00000000d5580000,0x00000000d6b00000,0x00000000d6b00000)
  from space 1024K, 98% used [0x00000000d7380000,0x00000000d747d320,0x00000000d7480000)
  to   space 1536K, 0% used [0x00000000d7480000,0x00000000d7480000,0x00000000d7600000)
 ParOldGen       total 68608K, used 38438K [0x0000000080000000, 0x0000000084300000, 0x00000000d5580000)
  object space 68608K, 56% used [0x0000000080000000,0x0000000082589910,0x0000000084300000)
 Metaspace       used 53160K, committed 54464K, reserved 1114112K
  class space    used 6243K, committed 6848K, reserved 1048576K
}
Event: 127.532 GC heap after
{Heap after GC invocations=28 (full 2):
 PSYoungGen      total 23040K, used 992K [0x00000000d5580000, 0x00000000d7580000, 0x0000000100000000)
  eden space 22016K, 0% used [0x00000000d5580000,0x00000000d5580000,0x00000000d6b00000)
  from space 1024K, 96% used [0x00000000d7480000,0x00000000d7578020,0x00000000d7580000)
  to   space 2560K, 0% used [0x00000000d7080000,0x00000000d7080000,0x00000000d7300000)
 ParOldGen       total 68608K, used 39466K [0x0000000080000000, 0x0000000084300000, 0x00000000d5580000)
  object space 68608K, 57% used [0x0000000080000000,0x000000008268ab78,0x0000000084300000)
 Metaspace       used 53160K, committed 54464K, reserved 1114112K
  class space    used 6243K, committed 6848K, reserved 1048576K
}
Event: 128.448 GC heap before
{Heap before GC invocations=29 (full 2):
 PSYoungGen      total 23040K, used 23002K [0x00000000d5580000, 0x00000000d7580000, 0x0000000100000000)
  eden space 22016K, 99% used [0x00000000d5580000,0x00000000d6afea98,0x00000000d6b00000)
  from space 1024K, 96% used [0x00000000d7480000,0x00000000d7578020,0x00000000d7580000)
  to   space 2560K, 0% used [0x00000000d7080000,0x00000000d7080000,0x00000000d7300000)
 ParOldGen       total 68608K, used 39466K [0x0000000080000000, 0x0000000084300000, 0x00000000d5580000)
  object space 68608K, 57% used [0x0000000080000000,0x000000008268ab78,0x0000000084300000)
 Metaspace       used 54994K, committed 56320K, reserved 1114112K
  class space    used 6445K, committed 7040K, reserved 1048576K
}
Event: 128.451 GC heap after
{Heap after GC invocations=29 (full 2):
 PSYoungGen      total 24576K, used 1176K [0x00000000d5580000, 0x00000000d7500000, 0x0000000100000000)
  eden space 22016K, 0% used [0x00000000d5580000,0x00000000d5580000,0x00000000d6b00000)
  from space 2560K, 45% used [0x00000000d7080000,0x00000000d71a61b8,0x00000000d7300000)
  to   space 1536K, 0% used [0x00000000d7380000,0x00000000d7380000,0x00000000d7500000)
 ParOldGen       total 68608K, used 40258K [0x0000000080000000, 0x0000000084300000, 0x00000000d5580000)
  object space 68608K, 58% used [0x0000000080000000,0x0000000082750b98,0x0000000084300000)
 Metaspace       used 54994K, committed 56320K, reserved 1114112K
  class space    used 6445K, committed 7040K, reserved 1048576K
}
Event: 128.566 GC heap before
{Heap before GC invocations=30 (full 2):
 PSYoungGen      total 24576K, used 23192K [0x00000000d5580000, 0x00000000d7500000, 0x0000000100000000)
  eden space 22016K, 100% used [0x00000000d5580000,0x00000000d6b00000,0x00000000d6b00000)
  from space 2560K, 45% used [0x00000000d7080000,0x00000000d71a61b8,0x00000000d7300000)
  to   space 1536K, 0% used [0x00000000d7380000,0x00000000d7380000,0x00000000d7500000)
 ParOldGen       total 68608K, used 40258K [0x0000000080000000, 0x0000000084300000, 0x00000000d5580000)
  object space 68608K, 58% used [0x0000000080000000,0x0000000082750b98,0x0000000084300000)
 Metaspace       used 55039K, committed 56320K, reserved 1114112K
  class space    used 6448K, committed 7040K, reserved 1048576K
}
Event: 128.570 GC heap after
{Heap after GC invocations=30 (full 2):
 PSYoungGen      total 23552K, used 1504K [0x00000000d5580000, 0x00000000d7500000, 0x0000000100000000)
  eden space 22016K, 0% used [0x00000000d5580000,0x00000000d5580000,0x00000000d6b00000)
  from space 1536K, 97% used [0x00000000d7380000,0x00000000d74f8030,0x00000000d7500000)
  to   space 4096K, 0% used [0x00000000d6d00000,0x00000000d6d00000,0x00000000d7100000)
 ParOldGen       total 68608K, used 42217K [0x0000000080000000, 0x0000000084300000, 0x00000000d5580000)
  object space 68608K, 61% used [0x0000000080000000,0x000000008293a7e0,0x0000000084300000)
 Metaspace       used 55039K, committed 56320K, reserved 1114112K
  class space    used 6448K, committed 7040K, reserved 1048576K
}
Event: 128.722 GC heap before
{Heap before GC invocations=31 (full 2):
 PSYoungGen      total 23552K, used 23520K [0x00000000d5580000, 0x00000000d7500000, 0x0000000100000000)
  eden space 22016K, 100% used [0x00000000d5580000,0x00000000d6b00000,0x00000000d6b00000)
  from space 1536K, 97% used [0x00000000d7380000,0x00000000d74f8030,0x00000000d7500000)
  to   space 4096K, 0% used [0x00000000d6d00000,0x00000000d6d00000,0x00000000d7100000)
 ParOldGen       total 68608K, used 42217K [0x0000000080000000, 0x0000000084300000, 0x00000000d5580000)
  object space 68608K, 61% used [0x0000000080000000,0x000000008293a7e0,0x0000000084300000)
 Metaspace       used 55413K, committed 56768K, reserved 1114112K
  class space    used 6504K, committed 7104K, reserved 1048576K
}
Event: 128.728 GC heap after
{Heap after GC invocations=31 (full 2):
 PSYoungGen      total 26112K, used 2641K [0x00000000d5580000, 0x00000000d7400000, 0x0000000100000000)
  eden space 22016K, 0% used [0x00000000d5580000,0x00000000d5580000,0x00000000d6b00000)
  from space 4096K, 64% used [0x00000000d6d00000,0x00000000d6f94420,0x00000000d7100000)
  to   space 3072K, 0% used [0x00000000d7100000,0x00000000d7100000,0x00000000d7400000)
 ParOldGen       total 68608K, used 43698K [0x0000000080000000, 0x0000000084300000, 0x00000000d5580000)
  object space 68608K, 63% used [0x0000000080000000,0x0000000082aac800,0x0000000084300000)
 Metaspace       used 55413K, committed 56768K, reserved 1114112K
  class space    used 6504K, committed 7104K, reserved 1048576K
}
Event: 128.822 GC heap before
{Heap before GC invocations=32 (full 2):
 PSYoungGen      total 26112K, used 24657K [0x00000000d5580000, 0x00000000d7400000, 0x0000000100000000)
  eden space 22016K, 100% used [0x00000000d5580000,0x00000000d6b00000,0x00000000d6b00000)
  from space 4096K, 64% used [0x00000000d6d00000,0x00000000d6f94420,0x00000000d7100000)
  to   space 3072K, 0% used [0x00000000d7100000,0x00000000d7100000,0x00000000d7400000)
 ParOldGen       total 68608K, used 43698K [0x0000000080000000, 0x0000000084300000, 0x00000000d5580000)
  object space 68608K, 63% used [0x0000000080000000,0x0000000082aac800,0x0000000084300000)
 Metaspace       used 55439K, committed 56768K, reserved 1114112K
  class space    used 6504K, committed 7104K, reserved 1048576K
}
Event: 128.828 GC heap after
{Heap after GC invocations=32 (full 2):
 PSYoungGen      total 24576K, used 2532K [0x00000000d5580000, 0x00000000d7380000, 0x0000000100000000)
  eden space 22016K, 0% used [0x00000000d5580000,0x00000000d5580000,0x00000000d6b00000)
  from space 2560K, 98% used [0x00000000d7100000,0x00000000d7379000,0x00000000d7380000)
  to   space 3072K, 0% used [0x00000000d6d80000,0x00000000d6d80000,0x00000000d7080000)
 ParOldGen       total 68608K, used 46157K [0x0000000080000000, 0x0000000084300000, 0x00000000d5580000)
  object space 68608K, 67% used [0x0000000080000000,0x0000000082d134f0,0x0000000084300000)
 Metaspace       used 55439K, committed 56768K, reserved 1114112K
  class space    used 6504K, committed 7104K, reserved 1048576K
}

